Content-Type: multipart/alternative;
 boundary="===============2860904050632629979=="
MIME-Version: 1.0
Subject: Profile activation
From: adityamailbox0@gmail.com
To: lnct@gmial.com
Date: Sun, 24 Feb 2019 15:10:17 -0000
Message-ID: <155102101716.22148.4361167675277288189@Bravo>

--===============2860904050632629979==
Content-Type: text/plain; charset="utf-8"
MIME-Version: 1.0
Content-Transfer-Encoding: 7bit



To activate your profile, please follow this link:

http://127.0.0.1:8000/accounts/activate/U7WTJGDysCQuA9ZsKG2u/

--===============2860904050632629979==
Content-Type: text/html; charset="utf-8"
MIME-Version: 1.0
Content-Transfer-Encoding: 7bit



<!DOCTYPE html PUBLIC "-//W3C//DTD XHTML 1.0 Transitional//EN"
        "http://www.w3.org/TR/xhtml1/DTD/xhtml1-transitional.dtd">
<html xmlns="http://www.w3.org/1999/xhtml">
<head>
    <meta http-equiv="Content-Type" content="text/html; charset=UTF-8"/>
    <title>Profile activation</title>
    <meta name="viewport" content="width=device-width, initial-scale=1.0"/>
</head>

<body>

<p>
    To activate your profile, please follow this link:
</p>

<p>
    <a href="http://127.0.0.1:8000/accounts/activate/U7WTJGDysCQuA9ZsKG2u/">http://127.0.0.1:8000/accounts/activate/U7WTJGDysCQuA9ZsKG2u/</a>
</p>

</body>

</html>

--===============2860904050632629979==--

-------------------------------------------------------------------------------
