Content-Type: multipart/alternative;
 boundary="===============8795641226466649418=="
MIME-Version: 1.0
Subject: Profile activation
From: test@example.com
To: adityamailbox0@gmail.com
Date: Sat, 16 Feb 2019 21:47:29 -0000
Message-ID: <155035364916.14748.10319452057483088351@Bravo>

--===============8795641226466649418==
Content-Type: text/plain; charset="utf-8"
MIME-Version: 1.0
Content-Transfer-Encoding: 7bit



To activate your profile, please follow this link:

http://127.0.0.1:8000/accounts/activate/bz0CLSSEAWcm7v4cEaAD/

--===============8795641226466649418==
Content-Type: text/html; charset="utf-8"
MIME-Version: 1.0
Content-Transfer-Encoding: 7bit



<!DOCTYPE html PUBLIC "-//W3C//DTD XHTML 1.0 Transitional//EN"
        "http://www.w3.org/TR/xhtml1/DTD/xhtml1-transitional.dtd">
<html xmlns="http://www.w3.org/1999/xhtml">
<head>
    <meta http-equiv="Content-Type" content="text/html; charset=UTF-8"/>
    <title>Profile activation</title>
    <meta name="viewport" content="width=device-width, initial-scale=1.0"/>
</head>

<body>

<p>
    To activate your profile, please follow this link:
</p>

<p>
    <a href="http://127.0.0.1:8000/accounts/activate/bz0CLSSEAWcm7v4cEaAD/">http://127.0.0.1:8000/accounts/activate/bz0CLSSEAWcm7v4cEaAD/</a>
</p>

</body>

</html>

--===============8795641226466649418==--

-------------------------------------------------------------------------------
