Content-Type: multipart/alternative;
 boundary="===============3433069418219693965=="
MIME-Version: 1.0
Subject: Profile activation
From: adityamailbox0@gmail.com
To: codebeta2018@gmail.com
Date: Sat, 16 Feb 2019 22:06:08 -0000
Message-ID: <155035476870.2828.16684714024145208327@Bravo>

--===============3433069418219693965==
Content-Type: text/plain; charset="utf-8"
MIME-Version: 1.0
Content-Transfer-Encoding: 7bit



To activate your profile, please follow this link:

http://127.0.0.1:8000/accounts/activate/vxBDZO7wNCRNcldlxoTL/

--===============3433069418219693965==
Content-Type: text/html; charset="utf-8"
MIME-Version: 1.0
Content-Transfer-Encoding: 7bit



<!DOCTYPE html PUBLIC "-//W3C//DTD XHTML 1.0 Transitional//EN"
        "http://www.w3.org/TR/xhtml1/DTD/xhtml1-transitional.dtd">
<html xmlns="http://www.w3.org/1999/xhtml">
<head>
    <meta http-equiv="Content-Type" content="text/html; charset=UTF-8"/>
    <title>Profile activation</title>
    <meta name="viewport" content="width=device-width, initial-scale=1.0"/>
</head>

<body>

<p>
    To activate your profile, please follow this link:
</p>

<p>
    <a href="http://127.0.0.1:8000/accounts/activate/vxBDZO7wNCRNcldlxoTL/">http://127.0.0.1:8000/accounts/activate/vxBDZO7wNCRNcldlxoTL/</a>
</p>

</body>

</html>

--===============3433069418219693965==--

-------------------------------------------------------------------------------
